<?xml version="1.0" encoding="UTF-8"?>
<testng-results skipped="0" failed="1" ignored="0" total="1" passed="0">
  <reporter-output>
  </reporter-output>
  <suite name="Default suite" duration-ms="11297" started-at="2021-02-18T18:14:40Z" finished-at="2021-02-18T18:14:51Z">
    <groups>
    </groups>
    <test name="Default test" duration-ms="11297" started-at="2021-02-18T18:14:40Z" finished-at="2021-02-18T18:14:51Z">
      <class name="testcases.DriverScript_ff">
        <test-method status="FAIL" signature="testLogin()[pri:0, instance:testcases.DriverScript_ff@109bb57]" name="testLogin" duration-ms="11240" started-at="2021-02-18T18:14:40Z" finished-at="2021-02-18T18:14:51Z">
          <exception class="java.lang.NoSuchFieldError">
            <message>
              <![CDATA[RAW_XML_FILE_HEADER]]>
            </message>
            <full-stacktrace>
              <![CDATA[java.lang.NoSuchFieldError: RAW_XML_FILE_HEADER
at org.apache.poi.openxml4j.opc.internal.ZipHelper.verifyZipHeader(ZipHelper.java:180)
at org.apache.poi.openxml4j.opc.internal.ZipHelper.openZipStream(ZipHelper.java:229)
at org.apache.poi.openxml4j.opc.ZipPackage.<init>(ZipPackage.java:97)
at org.apache.poi.openxml4j.opc.OPCPackage.open(OPCPackage.java:342)
at org.apache.poi.util.PackageHelper.open(PackageHelper.java:37)
at org.apache.poi.xssf.usermodel.XSSFWorkbook.<init>(XSSFWorkbook.java:285)
at excelexport.ReadExcel.readExcel(ReadExcel.java:25)
at testcases.DriverScript_ff.testLogin(DriverScript_ff.java:38)
at sun.reflect.NativeMethodAccessorImpl.invoke0(Native Method)
at sun.reflect.NativeMethodAccessorImpl.invoke(NativeMethodAccessorImpl.java:62)
at sun.reflect.DelegatingMethodAccessorImpl.invoke(DelegatingMethodAccessorImpl.java:43)
at java.lang.reflect.Method.invoke(Method.java:498)
at org.testng.internal.MethodInvocationHelper.invokeMethod(MethodInvocationHelper.java:124)
at org.testng.internal.Invoker.invokeMethod(Invoker.java:580)
at org.testng.internal.Invoker.invokeTestMethod(Invoker.java:716)
at org.testng.internal.Invoker.invokeTestMethods(Invoker.java:988)
at org.testng.internal.TestMethodWorker.invokeTestMethods(TestMethodWorker.java:125)
at org.testng.internal.TestMethodWorker.run(TestMethodWorker.java:109)
at org.testng.TestRunner.privateRun(TestRunner.java:648)
at org.testng.TestRunner.run(TestRunner.java:505)
at org.testng.SuiteRunner.runTest(SuiteRunner.java:455)
at org.testng.SuiteRunner.runSequentially(SuiteRunner.java:450)
at org.testng.SuiteRunner.privateRun(SuiteRunner.java:415)
at org.testng.SuiteRunner.run(SuiteRunner.java:364)
at org.testng.SuiteRunnerWorker.runSuite(SuiteRunnerWorker.java:52)
at org.testng.SuiteRunnerWorker.run(SuiteRunnerWorker.java:84)
at org.testng.TestNG.runSuitesSequentially(TestNG.java:1208)
at org.testng.TestNG.runSuitesLocally(TestNG.java:1137)
at org.testng.TestNG.runSuites(TestNG.java:1049)
at org.testng.TestNG.run(TestNG.java:1017)
at org.testng.remote.AbstractRemoteTestNG.run(AbstractRemoteTestNG.java:114)
at org.testng.remote.RemoteTestNG.initAndRun(RemoteTestNG.java:251)
at org.testng.remote.RemoteTestNG.main(RemoteTestNG.java:77)
]]>
            </full-stacktrace>
          </exception> <!-- java.lang.NoSuchFieldError -->
          <reporter-output>
          </reporter-output>
        </test-method> <!-- testLogin -->
      </class> <!-- testcases.DriverScript_ff -->
    </test> <!-- Default test -->
  </suite> <!-- Default suite -->
</testng-results>
